\BOOKMARK [0][]{chapter*.1}{Contents}{}% 1
\BOOKMARK [0][]{chapter.1}{1 Introduction}{}% 2
\BOOKMARK [1][]{section.1.1}{1.1 Sign Language}{chapter.1}% 3
\BOOKMARK [1][]{section.1.2}{1.2 Hardware}{chapter.1}% 4
\BOOKMARK [1][]{section.1.3}{1.3 Project Outline}{chapter.1}% 5
\BOOKMARK [0][]{chapter.2}{2 Background and Model Selection}{}% 6
\BOOKMARK [1][]{section.2.1}{2.1 Model Selection}{chapter.2}% 7
\BOOKMARK [1][]{section.2.2}{2.2 Hidden Markov Models}{chapter.2}% 8
\BOOKMARK [2][]{subsection.2.2.1}{2.2.1 The Forward and Backward Variables}{section.2.2}% 9
\BOOKMARK [2][]{subsection.2.2.2}{2.2.2 Forward-Backward Algorithm}{section.2.2}% 10
\BOOKMARK [2][]{subsection.2.2.3}{2.2.3 Limitations of HMMs}{section.2.2}% 11
\BOOKMARK [1][]{section.2.3}{2.3 Previous Work}{chapter.2}% 12
\BOOKMARK [0][]{chapter.3}{3 Implementing a Classifier for Isolated Signs}{}% 13
\BOOKMARK [1][]{section.3.1}{3.1 Implementing a Hidden Markov Model Class}{chapter.3}% 14
\BOOKMARK [2][]{subsection.3.1.1}{3.1.1 Scaling}{section.3.1}% 15
\BOOKMARK [2][]{subsection.3.1.2}{3.1.2 Training From Multiple Observation Sequences}{section.3.1}% 16
\BOOKMARK [2][]{subsection.3.1.3}{3.1.3 Observation Vector Quantization}{section.3.1}% 17
\BOOKMARK [1][]{section.3.2}{3.2 Implementing the signModel class}{chapter.3}% 18
\BOOKMARK [2][]{subsection.3.2.1}{3.2.1 Determining the Weightings}{section.3.2}% 19
\BOOKMARK [2][]{subsection.3.2.2}{3.2.2 Determining The Initial Topology and Parameters}{section.3.2}% 20
\BOOKMARK [1][]{section.3.3}{3.3 Building a Sign Classifier}{chapter.3}% 21
\BOOKMARK [0][]{chapter.4}{4 Interfacing With The Kinect Sensor}{}% 22
\BOOKMARK [1][]{section.4.1}{4.1 Recording Training Data}{chapter.4}% 23
\BOOKMARK [2][]{subsection.4.1.1}{4.1.1 The Training Data}{section.4.1}% 24
\BOOKMARK [2][]{subsection.4.1.2}{4.1.2 Limitations in the Training Data}{section.4.1}% 25
\BOOKMARK [0][]{chapter.5}{5 Testing and Experimentation}{}% 26
\BOOKMARK [1][]{section.5.1}{5.1 Determining the Classifier Parameters}{chapter.5}% 27
\BOOKMARK [2][]{subsection.5.1.1}{5.1.1 The Cluster Number}{section.5.1}% 28
\BOOKMARK [2][]{subsection.5.1.2}{5.1.2 The Acceptance Threshold}{section.5.1}% 29
\BOOKMARK [1][]{section.5.2}{5.2 Lowering the Misclassification Rate}{chapter.5}% 30
\BOOKMARK [0][]{chapter.6}{6 Analysis and Conclusions}{}% 31
\BOOKMARK [1][]{section.6.1}{6.1 Further Work}{chapter.6}% 32
\BOOKMARK [2][]{subsection.6.1.1}{6.1.1 Improvements to the Current Classifier}{section.6.1}% 33
\BOOKMARK [2][]{subsection.6.1.2}{6.1.2 Extensions of SignAlign}{section.6.1}% 34
\BOOKMARK [0][]{appendix*.16}{Appendix: Technical Details}{}% 35
\BOOKMARK [1][]{section..1}{.1 Program Architecture}{appendix*.16}% 36
\BOOKMARK [1][]{section..2}{.2 Correctness Testing}{appendix*.16}% 37
\BOOKMARK [1][]{section..3}{.3 Program Listing}{appendix*.16}% 38
\BOOKMARK [0][]{appendix*.18}{References}{}% 39
